{"C:\\Users\\Ethan.bell\\Documents\\course-scheduling\\js\\register.js": {"path":"C:\\Users\\Ethan.bell\\Documents\\course-scheduling\\js\\register.js","statementMap":{"0":{"start":{"line":2,"column":18},"end":{"line":2,"column":83}},"1":{"start":{"line":3,"column":4},"end":{"line":8,"column":5}},"2":{"start":{"line":4,"column":8},"end":{"line":4,"column":20}},"3":{"start":{"line":7,"column":8},"end":{"line":7,"column":21}},"4":{"start":{"line":10,"column":0},"end":{"line":10,"column":29}}},"fnMap":{"0":{"name":"phonenumber","decl":{"start":{"line":1,"column":9},"end":{"line":1,"column":20}},"loc":{"start":{"line":1,"column":31},"end":{"line":9,"column":1}},"line":1}},"branchMap":{"0":{"loc":{"start":{"line":3,"column":4},"end":{"line":8,"column":5}},"type":"if","locations":[{"start":{"line":3,"column":4},"end":{"line":8,"column":5}},{"start":{"line":3,"column":4},"end":{"line":8,"column":5}}],"line":3}},"s":{"0":26,"1":26,"2":13,"3":13,"4":2},"f":{"0":26},"b":{"0":[13,13]},"_coverageSchema":"1a1c01bbd47fc00a2c39e90264f33305004495a9","hash":"f1fe9f4183ff5b7a1c71e8272607eb44e5339595"}
}
